<?xml version="1.0" encoding="UTF-8"?>
<testsuite xmlns:xsi="http://www.w3.org/2001/XMLSchema-instance" xsi:noNamespaceSchemaLocation="https://maven.apache.org/surefire/maven-surefire-plugin/xsd/surefire-test-report.xsd" name="rockets.model.UserUnitTest" time="0.004" tests="26" errors="0" skipped="0" failures="0">
  <properties>
    <property name="sun.desktop" value="windows"/>
    <property name="awt.toolkit" value="sun.awt.windows.WToolkit"/>
    <property name="file.encoding.pkg" value="sun.io"/>
    <property name="java.specification.version" value="1.8"/>
    <property name="sun.cpu.isalist" value="amd64"/>
    <property name="sun.jnu.encoding" value="Cp1252"/>
    <property name="java.class.path" value="C:\Users\Vigneshwaren Sunder\Desktop\sem 2\Assignment 3\SV\to_submit_A3\FIT5171_2019_A3_Team40\FIT5171_2019_40\target\test-classes;C:\Users\Vigneshwaren Sunder\Desktop\sem 2\Assignment 3\SV\to_submit_A3\FIT5171_2019_A3_Team40\FIT5171_2019_40\target\classes;C:\Users\Vigneshwaren Sunder\.m2\repository\org\junit\jupiter\junit-jupiter-engine\5.3.2\junit-jupiter-engine-5.3.2.jar;C:\Users\Vigneshwaren Sunder\.m2\repository\org\apiguardian\apiguardian-api\1.0.0\apiguardian-api-1.0.0.jar;C:\Users\Vigneshwaren Sunder\.m2\repository\org\junit\platform\junit-platform-engine\1.3.2\junit-platform-engine-1.3.2.jar;C:\Users\Vigneshwaren Sunder\.m2\repository\org\junit\platform\junit-platform-commons\1.3.2\junit-platform-commons-1.3.2.jar;C:\Users\Vigneshwaren Sunder\.m2\repository\org\opentest4j\opentest4j\1.1.1\opentest4j-1.1.1.jar;C:\Users\Vigneshwaren Sunder\.m2\repository\org\junit\jupiter\junit-jupiter-api\5.3.2\junit-jupiter-api-5.3.2.jar;C:\Users\Vigneshwaren Sunder\.m2\repository\org\junit\jupiter\junit-jupiter-params\5.3.2\junit-jupiter-params-5.3.2.jar;C:\Users\Vigneshwaren Sunder\.m2\repository\com\google\guava\guava\24.0-jre\guava-24.0-jre.jar;C:\Users\Vigneshwaren Sunder\.m2\repository\com\google\code\findbugs\jsr305\1.3.9\jsr305-1.3.9.jar;C:\Users\Vigneshwaren Sunder\.m2\repository\org\checkerframework\checker-compat-qual\2.0.0\checker-compat-qual-2.0.0.jar;C:\Users\Vigneshwaren Sunder\.m2\repository\com\google\errorprone\error_prone_annotations\2.1.3\error_prone_annotations-2.1.3.jar;C:\Users\Vigneshwaren Sunder\.m2\repository\com\google\j2objc\j2objc-annotations\1.1\j2objc-annotations-1.1.jar;C:\Users\Vigneshwaren Sunder\.m2\repository\org\codehaus\mojo\animal-sniffer-annotations\1.14\animal-sniffer-annotations-1.14.jar;C:\Users\Vigneshwaren Sunder\.m2\repository\org\apache\commons\commons-lang3\3.7\commons-lang3-3.7.jar;C:\Users\Vigneshwaren Sunder\.m2\repository\org\apache\commons\commons-csv\1.5\commons-csv-1.5.jar;C:\Users\Vigneshwaren Sunder\.m2\repository\org\neo4j\neo4j\3.3.4\neo4j-3.3.4.jar;C:\Users\Vigneshwaren Sunder\.m2\repository\org\neo4j\neo4j-kernel\3.3.4\neo4j-kernel-3.3.4.jar;C:\Users\Vigneshwaren Sunder\.m2\repository\org\neo4j\neo4j-lucene-index\3.3.4\neo4j-lucene-index-3.3.4.jar;C:\Users\Vigneshwaren Sunder\.m2\repository\org\apache\lucene\lucene-analyzers-common\5.5.0\lucene-analyzers-common-5.5.0.jar;C:\Users\Vigneshwaren Sunder\.m2\repository\org\apache\lucene\lucene-core\5.5.0\lucene-core-5.5.0.jar;C:\Users\Vigneshwaren Sunder\.m2\repository\org\apache\lucene\lucene-queryparser\5.5.0\lucene-queryparser-5.5.0.jar;C:\Users\Vigneshwaren Sunder\.m2\repository\org\apache\lucene\lucene-codecs\5.5.0\lucene-codecs-5.5.0.jar;C:\Users\Vigneshwaren Sunder\.m2\repository\org\neo4j\neo4j-graph-algo\3.3.4\neo4j-graph-algo-3.3.4.jar;C:\Users\Vigneshwaren Sunder\.m2\repository\org\neo4j\neo4j-udc\3.3.4\neo4j-udc-3.3.4.jar;C:\Users\Vigneshwaren Sunder\.m2\repository\org\neo4j\neo4j-cypher\3.3.4\neo4j-cypher-3.3.4.jar;C:\Users\Vigneshwaren Sunder\.m2\repository\org\scala-lang\scala-library\2.11.12\scala-library-2.11.12.jar;C:\Users\Vigneshwaren Sunder\.m2\repository\org\scala-lang\scala-reflect\2.11.12\scala-reflect-2.11.12.jar;C:\Users\Vigneshwaren Sunder\.m2\repository\org\neo4j\neo4j-graph-matching\3.1.6\neo4j-graph-matching-3.1.6.jar;C:\Users\Vigneshwaren Sunder\.m2\repository\org\neo4j\neo4j-codegen\3.3.4\neo4j-codegen-3.3.4.jar;C:\Users\Vigneshwaren Sunder\.m2\repository\org\ow2\asm\asm\5.2\asm-5.2.jar;C:\Users\Vigneshwaren Sunder\.m2\repository\org\ow2\asm\asm-util\5.2\asm-util-5.2.jar;C:\Users\Vigneshwaren Sunder\.m2\repository\org\ow2\asm\asm-analysis\5.2\asm-analysis-5.2.jar;C:\Users\Vigneshwaren Sunder\.m2\repository\org\ow2\asm\asm-tree\5.2\asm-tree-5.2.jar;C:\Users\Vigneshwaren Sunder\.m2\repository\org\neo4j\neo4j-cypher-compiler-2.3\2.3.12\neo4j-cypher-compiler-2.3-2.3.12.jar;C:\Users\Vigneshwaren Sunder\.m2\repository\org\neo4j\neo4j-cypher-frontend-2.3\2.3.12\neo4j-cypher-frontend-2.3-2.3.12.jar;C:\Users\Vigneshwaren Sunder\.m2\repository\com\googlecode\concurrentlinkedhashmap\concurrentlinkedhashmap-lru\1.4.2\concurrentlinkedhashmap-lru-1.4.2.jar;C:\Users\Vigneshwaren Sunder\.m2\repository\org\neo4j\neo4j-cypher-compiler-3.1\3.1.6\neo4j-cypher-compiler-3.1-3.1.6.jar;C:\Users\Vigneshwaren Sunder\.m2\repository\org\neo4j\neo4j-cypher-frontend-3.1\3.1.6\neo4j-cypher-frontend-3.1-3.1.6.jar;C:\Users\Vigneshwaren Sunder\.m2\repository\com\github\ben-manes\caffeine\caffeine\2.3.3\caffeine-2.3.3.jar;C:\Users\Vigneshwaren Sunder\.m2\repository\org\neo4j\neo4j-cypher-compiler-3.2\3.2.9\neo4j-cypher-compiler-3.2-3.2.9.jar;C:\Users\Vigneshwaren Sunder\.m2\repository\org\neo4j\neo4j-cypher-frontend-3.2\3.2.9\neo4j-cypher-frontend-3.2-3.2.9.jar;C:\Users\Vigneshwaren Sunder\.m2\repository\org\neo4j\neo4j-cypher-ir-3.2\3.2.9\neo4j-cypher-ir-3.2-3.2.9.jar;C:\Users\Vigneshwaren Sunder\.m2\repository\org\neo4j\neo4j-cypher-compiler-3.3\3.3.4\neo4j-cypher-compiler-3.3-3.3.4.jar;C:\Users\Vigneshwaren Sunder\.m2\repository\org\neo4j\neo4j-cypher-frontend-3.3\3.3.4\neo4j-cypher-frontend-3.3-3.3.4.jar;C:\Users\Vigneshwaren Sunder\.m2\repository\org\neo4j\neo4j-cypher-ir-3.3\3.3.4\neo4j-cypher-ir-3.3-3.3.4.jar;C:\Users\Vigneshwaren Sunder\.m2\repository\org\neo4j\neo4j-cypher-logical-plans-3.3\3.3.4\neo4j-cypher-logical-plans-3.3-3.3.4.jar;C:\Users\Vigneshwaren Sunder\.m2\repository\org\parboiled\parboiled-scala_2.11\1.1.7\parboiled-scala_2.11-1.1.7.jar;C:\Users\Vigneshwaren Sunder\.m2\repository\org\parboiled\parboiled-core\1.1.7\parboiled-core-1.1.7.jar;C:\Users\Vigneshwaren Sunder\.m2\repository\net\sf\opencsv\opencsv\2.3\opencsv-2.3.jar;C:\Users\Vigneshwaren Sunder\.m2\repository\org\neo4j\neo4j-jmx\3.3.4\neo4j-jmx-3.3.4.jar;C:\Users\Vigneshwaren Sunder\.m2\repository\org\neo4j\neo4j-consistency-check\3.3.4\neo4j-consistency-check-3.3.4.jar;C:\Users\Vigneshwaren Sunder\.m2\repository\org\neo4j\neo4j-command-line\3.3.4\neo4j-command-line-3.3.4.jar;C:\Users\Vigneshwaren Sunder\.m2\repository\org\apache\commons\commons-text\1.1\commons-text-1.1.jar;C:\Users\Vigneshwaren Sunder\.m2\repository\org\neo4j\neo4j-dbms\3.3.4\neo4j-dbms-3.3.4.jar;C:\Users\Vigneshwaren Sunder\.m2\repository\org\neo4j\neo4j-import-tool\3.3.4\neo4j-import-tool-3.3.4.jar;C:\Users\Vigneshwaren Sunder\.m2\repository\org\apache\commons\commons-compress\1.12\commons-compress-1.12.jar;C:\Users\Vigneshwaren Sunder\.m2\repository\org\neo4j\neo4j-kernel\3.3.4\neo4j-kernel-3.3.4-tests.jar;C:\Users\Vigneshwaren Sunder\.m2\repository\org\neo4j\neo4j-graphdb-api\3.3.4\neo4j-graphdb-api-3.3.4.jar;C:\Users\Vigneshwaren Sunder\.m2\repository\org\neo4j\neo4j-resource\3.3.4\neo4j-resource-3.3.4.jar;C:\Users\Vigneshwaren Sunder\.m2\repository\org\neo4j\neo4j-common\3.3.4\neo4j-common-3.3.4.jar;C:\Users\Vigneshwaren Sunder\.m2\repository\org\neo4j\neo4j-values\3.3.4\neo4j-values-3.3.4.jar;C:\Users\Vigneshwaren Sunder\.m2\repository\org\neo4j\neo4j-collections\3.3.4\neo4j-collections-3.3.4.jar;C:\Users\Vigneshwaren Sunder\.m2\repository\org\neo4j\neo4j-primitive-collections\3.3.4\neo4j-primitive-collections-3.3.4.jar;C:\Users\Vigneshwaren Sunder\.m2\repository\org\neo4j\neo4j-io\3.3.4\neo4j-io-3.3.4.jar;C:\Users\Vigneshwaren Sunder\.m2\repository\org\neo4j\neo4j-csv\3.3.4\neo4j-csv-3.3.4.jar;C:\Users\Vigneshwaren Sunder\.m2\repository\org\neo4j\neo4j-logging\3.3.4\neo4j-logging-3.3.4.jar;C:\Users\Vigneshwaren Sunder\.m2\repository\org\neo4j\neo4j-lucene-upgrade\3.3.4\neo4j-lucene-upgrade-3.3.4.jar;C:\Users\Vigneshwaren Sunder\.m2\repository\org\apache\lucene\lucene-backward-codecs\5.5.0\lucene-backward-codecs-5.5.0.jar;C:\Users\Vigneshwaren Sunder\.m2\repository\org\neo4j\neo4j-configuration\3.3.4\neo4j-configuration-3.3.4.jar;C:\Users\Vigneshwaren Sunder\.m2\repository\org\neo4j\neo4j-index\3.3.4\neo4j-index-3.3.4.jar;C:\Users\Vigneshwaren Sunder\.m2\repository\org\neo4j\neo4j-ssl\3.3.4\neo4j-ssl-3.3.4.jar;C:\Users\Vigneshwaren Sunder\.m2\repository\io\netty\netty-all\4.1.21.Final\netty-all-4.1.21.Final.jar;C:\Users\Vigneshwaren Sunder\.m2\repository\org\bouncycastle\bcpkix-jdk15on\1.53\bcpkix-jdk15on-1.53.jar;C:\Users\Vigneshwaren Sunder\.m2\repository\org\neo4j\neo4j-io\3.3.4\neo4j-io-3.3.4-tests.jar;C:\Users\Vigneshwaren Sunder\.m2\repository\org\neo4j\neo4j-unsafe\3.3.4\neo4j-unsafe-3.3.4.jar;C:\Users\Vigneshwaren Sunder\.m2\repository\org\neo4j\test\neo4j-harness\3.3.4\neo4j-harness-3.3.4.jar;C:\Users\Vigneshwaren Sunder\.m2\repository\org\neo4j\app\neo4j-server\3.3.4\neo4j-server-3.3.4.jar;C:\Users\Vigneshwaren Sunder\.m2\repository\org\neo4j\neo4j-security\3.3.4\neo4j-security-3.3.4.jar;C:\Users\Vigneshwaren Sunder\.m2\repository\org\neo4j\server-api\3.3.4\server-api-3.3.4.jar;C:\Users\Vigneshwaren Sunder\.m2\repository\org\neo4j\3rdparty\javax\ws\rs\jsr311-api\1.1.2.r612\jsr311-api-1.1.2.r612.jar;C:\Users\Vigneshwaren Sunder\.m2\repository\org\neo4j\neo4j-bolt\3.3.4\neo4j-bolt-3.3.4.jar;C:\Users\Vigneshwaren Sunder\.m2\repository\org\codehaus\jackson\jackson-mapper-asl\1.9.13\jackson-mapper-asl-1.9.13.jar;C:\Users\Vigneshwaren Sunder\.m2\repository\org\neo4j\client\neo4j-browser\3.1.4\neo4j-browser-3.1.4.jar;C:\Users\Vigneshwaren Sunder\.m2\repository\org\neo4j\neo4j-shell\3.3.4\neo4j-shell-3.3.4.jar;C:\Users\Vigneshwaren Sunder\.m2\repository\jline\jline\2.12\jline-2.12.jar;C:\Users\Vigneshwaren Sunder\.m2\repository\com\sun\jersey\jersey-server\1.19\jersey-server-1.19.jar;C:\Users\Vigneshwaren Sunder\.m2\repository\com\sun\jersey\jersey-servlet\1.19\jersey-servlet-1.19.jar;C:\Users\Vigneshwaren Sunder\.m2\repository\commons-configuration\commons-configuration\1.10\commons-configuration-1.10.jar;C:\Users\Vigneshwaren Sunder\.m2\repository\org\codehaus\jackson\jackson-jaxrs\1.9.13\jackson-jaxrs-1.9.13.jar;C:\Users\Vigneshwaren Sunder\.m2\repository\org\codehaus\jackson\jackson-core-asl\1.9.13\jackson-core-asl-1.9.13.jar;C:\Users\Vigneshwaren Sunder\.m2\repository\org\mozilla\rhino\1.7R4\rhino-1.7R4.jar;C:\Users\Vigneshwaren Sunder\.m2\repository\org\bouncycastle\bcprov-jdk15on\1.53\bcprov-jdk15on-1.53.jar;C:\Users\Vigneshwaren Sunder\.m2\repository\com\sun\jersey\contribs\jersey-multipart\1.19\jersey-multipart-1.19.jar;C:\Users\Vigneshwaren Sunder\.m2\repository\org\jvnet\mimepull\mimepull\1.9.3\mimepull-1.9.3.jar;C:\Users\Vigneshwaren Sunder\.m2\repository\org\neo4j\neo4j-common\3.3.4\neo4j-common-3.3.4-tests.jar;C:\Users\Vigneshwaren Sunder\.m2\repository\com\sun\jersey\jersey-client\1.19\jersey-client-1.19.jar;C:\Users\Vigneshwaren Sunder\.m2\repository\com\sun\jersey\jersey-core\1.19\jersey-core-1.19.jar;C:\Users\Vigneshwaren Sunder\.m2\repository\org\neo4j\app\neo4j-server\3.3.4\neo4j-server-3.3.4-tests.jar;C:\Users\Vigneshwaren Sunder\.m2\repository\commons-codec\commons-codec\1.9\commons-codec-1.9.jar;C:\Users\Vigneshwaren Sunder\.m2\repository\org\apache\httpcomponents\httpclient\4.5.2\httpclient-4.5.2.jar;C:\Users\Vigneshwaren Sunder\.m2\repository\commons-logging\commons-logging\1.2\commons-logging-1.2.jar;C:\Users\Vigneshwaren Sunder\.m2\repository\org\apache\httpcomponents\httpcore\4.4.5\httpcore-4.4.5.jar;C:\Users\Vigneshwaren Sunder\.m2\repository\org\neo4j\neo4j-ogm-core\3.1.0\neo4j-ogm-core-3.1.0.jar;C:\Users\Vigneshwaren Sunder\.m2\repository\org\neo4j\neo4j-ogm-api\3.1.0\neo4j-ogm-api-3.1.0.jar;C:\Users\Vigneshwaren Sunder\.m2\repository\com\fasterxml\jackson\core\jackson-databind\2.7.1\jackson-databind-2.7.1.jar;C:\Users\Vigneshwaren Sunder\.m2\repository\com\fasterxml\jackson\core\jackson-annotations\2.7.0\jackson-annotations-2.7.0.jar;C:\Users\Vigneshwaren Sunder\.m2\repository\com\fasterxml\jackson\core\jackson-core\2.7.1\jackson-core-2.7.1.jar;C:\Users\Vigneshwaren Sunder\.m2\repository\io\github\lukehutch\fast-classpath-scanner\2.7.4\fast-classpath-scanner-2.7.4.jar;C:\Users\Vigneshwaren Sunder\.m2\repository\org\neo4j\neo4j-ogm-embedded-driver\3.0.2\neo4j-ogm-embedded-driver-3.0.2.jar;C:\Users\Vigneshwaren Sunder\.m2\repository\commons-io\commons-io\2.4\commons-io-2.4.jar;C:\Users\Vigneshwaren Sunder\.m2\repository\org\mockito\mockito-core\2.16.0\mockito-core-2.16.0.jar;C:\Users\Vigneshwaren Sunder\.m2\repository\net\bytebuddy\byte-buddy\1.7.9\byte-buddy-1.7.9.jar;C:\Users\Vigneshwaren Sunder\.m2\repository\net\bytebuddy\byte-buddy-agent\1.7.9\byte-buddy-agent-1.7.9.jar;C:\Users\Vigneshwaren Sunder\.m2\repository\org\objenesis\objenesis\2.6\objenesis-2.6.jar;C:\Users\Vigneshwaren Sunder\.m2\repository\org\apache\logging\log4j\log4j-api\2.11.0\log4j-api-2.11.0.jar;C:\Users\Vigneshwaren Sunder\.m2\repository\org\apache\logging\log4j\log4j-core\2.11.0\log4j-core-2.11.0.jar;C:\Users\Vigneshwaren Sunder\.m2\repository\org\apache\logging\log4j\log4j-slf4j-impl\2.11.0\log4j-slf4j-impl-2.11.0.jar;C:\Users\Vigneshwaren Sunder\.m2\repository\org\slf4j\slf4j-api\1.8.0-alpha2\slf4j-api-1.8.0-alpha2.jar;C:\Users\Vigneshwaren Sunder\.m2\repository\com\sparkjava\spark-core\2.7.2\spark-core-2.7.2.jar;C:\Users\Vigneshwaren Sunder\.m2\repository\org\eclipse\jetty\jetty-server\9.4.8.v20171121\jetty-server-9.4.8.v20171121.jar;C:\Users\Vigneshwaren Sunder\.m2\repository\javax\servlet\javax.servlet-api\3.1.0\javax.servlet-api-3.1.0.jar;C:\Users\Vigneshwaren Sunder\.m2\repository\org\eclipse\jetty\jetty-http\9.4.8.v20171121\jetty-http-9.4.8.v20171121.jar;C:\Users\Vigneshwaren Sunder\.m2\repository\org\eclipse\jetty\jetty-util\9.4.8.v20171121\jetty-util-9.4.8.v20171121.jar;C:\Users\Vigneshwaren Sunder\.m2\repository\org\eclipse\jetty\jetty-io\9.4.8.v20171121\jetty-io-9.4.8.v20171121.jar;C:\Users\Vigneshwaren Sunder\.m2\repository\org\eclipse\jetty\jetty-webapp\9.4.8.v20171121\jetty-webapp-9.4.8.v20171121.jar;C:\Users\Vigneshwaren Sunder\.m2\repository\org\eclipse\jetty\jetty-xml\9.4.8.v20171121\jetty-xml-9.4.8.v20171121.jar;C:\Users\Vigneshwaren Sunder\.m2\repository\org\eclipse\jetty\jetty-servlet\9.4.8.v20171121\jetty-servlet-9.4.8.v20171121.jar;C:\Users\Vigneshwaren Sunder\.m2\repository\org\eclipse\jetty\jetty-security\9.4.8.v20171121\jetty-security-9.4.8.v20171121.jar;C:\Users\Vigneshwaren Sunder\.m2\repository\org\eclipse\jetty\websocket\websocket-server\9.4.8.v20171121\websocket-server-9.4.8.v20171121.jar;C:\Users\Vigneshwaren Sunder\.m2\repository\org\eclipse\jetty\websocket\websocket-common\9.4.8.v20171121\websocket-common-9.4.8.v20171121.jar;C:\Users\Vigneshwaren Sunder\.m2\repository\org\eclipse\jetty\websocket\websocket-client\9.4.8.v20171121\websocket-client-9.4.8.v20171121.jar;C:\Users\Vigneshwaren Sunder\.m2\repository\org\eclipse\jetty\jetty-client\9.4.8.v20171121\jetty-client-9.4.8.v20171121.jar;C:\Users\Vigneshwaren Sunder\.m2\repository\org\eclipse\jetty\websocket\websocket-servlet\9.4.8.v20171121\websocket-servlet-9.4.8.v20171121.jar;C:\Users\Vigneshwaren Sunder\.m2\repository\org\eclipse\jetty\websocket\websocket-api\9.4.8.v20171121\websocket-api-9.4.8.v20171121.jar;C:\Users\Vigneshwaren Sunder\.m2\repository\com\sparkjava\spark-template-freemarker\2.7.1\spark-template-freemarker-2.7.1.jar;C:\Users\Vigneshwaren Sunder\.m2\repository\org\freemarker\freemarker\2.3.26-incubating\freemarker-2.3.26-incubating.jar;C:\Users\Vigneshwaren Sunder\.m2\repository\net\sourceforge\jwebunit\jwebunit-htmlunit-plugin\3.3\jwebunit-htmlunit-plugin-3.3.jar;C:\Users\Vigneshwaren Sunder\.m2\repository\net\sourceforge\htmlunit\htmlunit\2.18\htmlunit-2.18.jar;C:\Users\Vigneshwaren Sunder\.m2\repository\xalan\xalan\2.7.2\xalan-2.7.2.jar;C:\Users\Vigneshwaren Sunder\.m2\repository\xalan\serializer\2.7.2\serializer-2.7.2.jar;C:\Users\Vigneshwaren Sunder\.m2\repository\commons-collections\commons-collections\3.2.1\commons-collections-3.2.1.jar;C:\Users\Vigneshwaren Sunder\.m2\repository\org\apache\httpcomponents\httpmime\4.5\httpmime-4.5.jar;C:\Users\Vigneshwaren Sunder\.m2\repository\net\sourceforge\htmlunit\htmlunit-core-js\2.17\htmlunit-core-js-2.17.jar;C:\Users\Vigneshwaren Sunder\.m2\repository\xerces\xercesImpl\2.11.0\xercesImpl-2.11.0.jar;C:\Users\Vigneshwaren Sunder\.m2\repository\xml-apis\xml-apis\1.4.01\xml-apis-1.4.01.jar;C:\Users\Vigneshwaren Sunder\.m2\repository\net\sourceforge\nekohtml\nekohtml\1.9.22\nekohtml-1.9.22.jar;C:\Users\Vigneshwaren Sunder\.m2\repository\net\sourceforge\cssparser\cssparser\0.9.16\cssparser-0.9.16.jar;C:\Users\Vigneshwaren Sunder\.m2\repository\org\w3c\css\sac\1.3\sac-1.3.jar;C:\Users\Vigneshwaren Sunder\.m2\repository\net\sourceforge\jwebunit\jwebunit-core\3.3\jwebunit-core-3.3.jar;C:\Users\Vigneshwaren Sunder\.m2\repository\junit\junit\4.11\junit-4.11.jar;C:\Users\Vigneshwaren Sunder\.m2\repository\org\hamcrest\hamcrest-core\1.3\hamcrest-core-1.3.jar;C:\Users\Vigneshwaren Sunder\.m2\repository\regexp\regexp\1.3\regexp-1.3.jar;C:\Users\Vigneshwaren Sunder\.m2\repository\commons-lang\commons-lang\2.6\commons-lang-2.6.jar;C:\Users\Vigneshwaren Sunder\.m2\repository\org\slf4j\jcl-over-slf4j\1.6.6\jcl-over-slf4j-1.6.6.jar;C:\Users\Vigneshwaren Sunder\.m2\repository\javax\servlet\servlet-api\2.5\servlet-api-2.5.jar;"/>
    <property name="java.vm.vendor" value="Oracle Corporation"/>
    <property name="sun.arch.data.model" value="64"/>
    <property name="user.variant" value=""/>
    <property name="java.vendor.url" value="http://java.oracle.com/"/>
    <property name="user.timezone" value="Australia/Sydney"/>
    <property name="java.vm.specification.version" value="1.8"/>
    <property name="os.name" value="Windows 10"/>
    <property name="user.country" value="IN"/>
    <property name="sun.java.launcher" value="SUN_STANDARD"/>
    <property name="sun.boot.library.path" value="C:\Program Files\Java\jdk1.8.0_181\jre\bin"/>
    <property name="sun.java.command" value="C:\Users\VIGNES~1\AppData\Local\Temp\surefire4771926823507171893\surefirebooter4415616829680533859.jar C:\Users\Vigneshwaren Sunder\AppData\Local\Temp\surefire4771926823507171893 2019-05-30T15-32-03_584-jvmRun1 surefire4861800193389639958tmp surefire_02878141936876440955tmp"/>
    <property name="surefire.test.class.path" value="C:\Users\Vigneshwaren Sunder\Desktop\sem 2\Assignment 3\SV\to_submit_A3\FIT5171_2019_A3_Team40\FIT5171_2019_40\target\test-classes;C:\Users\Vigneshwaren Sunder\Desktop\sem 2\Assignment 3\SV\to_submit_A3\FIT5171_2019_A3_Team40\FIT5171_2019_40\target\classes;C:\Users\Vigneshwaren Sunder\.m2\repository\org\junit\jupiter\junit-jupiter-engine\5.3.2\junit-jupiter-engine-5.3.2.jar;C:\Users\Vigneshwaren Sunder\.m2\repository\org\apiguardian\apiguardian-api\1.0.0\apiguardian-api-1.0.0.jar;C:\Users\Vigneshwaren Sunder\.m2\repository\org\junit\platform\junit-platform-engine\1.3.2\junit-platform-engine-1.3.2.jar;C:\Users\Vigneshwaren Sunder\.m2\repository\org\junit\platform\junit-platform-commons\1.3.2\junit-platform-commons-1.3.2.jar;C:\Users\Vigneshwaren Sunder\.m2\repository\org\opentest4j\opentest4j\1.1.1\opentest4j-1.1.1.jar;C:\Users\Vigneshwaren Sunder\.m2\repository\org\junit\jupiter\junit-jupiter-api\5.3.2\junit-jupiter-api-5.3.2.jar;C:\Users\Vigneshwaren Sunder\.m2\repository\org\junit\jupiter\junit-jupiter-params\5.3.2\junit-jupiter-params-5.3.2.jar;C:\Users\Vigneshwaren Sunder\.m2\repository\com\google\guava\guava\24.0-jre\guava-24.0-jre.jar;C:\Users\Vigneshwaren Sunder\.m2\repository\com\google\code\findbugs\jsr305\1.3.9\jsr305-1.3.9.jar;C:\Users\Vigneshwaren Sunder\.m2\repository\org\checkerframework\checker-compat-qual\2.0.0\checker-compat-qual-2.0.0.jar;C:\Users\Vigneshwaren Sunder\.m2\repository\com\google\errorprone\error_prone_annotations\2.1.3\error_prone_annotations-2.1.3.jar;C:\Users\Vigneshwaren Sunder\.m2\repository\com\google\j2objc\j2objc-annotations\1.1\j2objc-annotations-1.1.jar;C:\Users\Vigneshwaren Sunder\.m2\repository\org\codehaus\mojo\animal-sniffer-annotations\1.14\animal-sniffer-annotations-1.14.jar;C:\Users\Vigneshwaren Sunder\.m2\repository\org\apache\commons\commons-lang3\3.7\commons-lang3-3.7.jar;C:\Users\Vigneshwaren Sunder\.m2\repository\org\apache\commons\commons-csv\1.5\commons-csv-1.5.jar;C:\Users\Vigneshwaren Sunder\.m2\repository\org\neo4j\neo4j\3.3.4\neo4j-3.3.4.jar;C:\Users\Vigneshwaren Sunder\.m2\repository\org\neo4j\neo4j-kernel\3.3.4\neo4j-kernel-3.3.4.jar;C:\Users\Vigneshwaren Sunder\.m2\repository\org\neo4j\neo4j-lucene-index\3.3.4\neo4j-lucene-index-3.3.4.jar;C:\Users\Vigneshwaren Sunder\.m2\repository\org\apache\lucene\lucene-analyzers-common\5.5.0\lucene-analyzers-common-5.5.0.jar;C:\Users\Vigneshwaren Sunder\.m2\repository\org\apache\lucene\lucene-core\5.5.0\lucene-core-5.5.0.jar;C:\Users\Vigneshwaren Sunder\.m2\repository\org\apache\lucene\lucene-queryparser\5.5.0\lucene-queryparser-5.5.0.jar;C:\Users\Vigneshwaren Sunder\.m2\repository\org\apache\lucene\lucene-codecs\5.5.0\lucene-codecs-5.5.0.jar;C:\Users\Vigneshwaren Sunder\.m2\repository\org\neo4j\neo4j-graph-algo\3.3.4\neo4j-graph-algo-3.3.4.jar;C:\Users\Vigneshwaren Sunder\.m2\repository\org\neo4j\neo4j-udc\3.3.4\neo4j-udc-3.3.4.jar;C:\Users\Vigneshwaren Sunder\.m2\repository\org\neo4j\neo4j-cypher\3.3.4\neo4j-cypher-3.3.4.jar;C:\Users\Vigneshwaren Sunder\.m2\repository\org\scala-lang\scala-library\2.11.12\scala-library-2.11.12.jar;C:\Users\Vigneshwaren Sunder\.m2\repository\org\scala-lang\scala-reflect\2.11.12\scala-reflect-2.11.12.jar;C:\Users\Vigneshwaren Sunder\.m2\repository\org\neo4j\neo4j-graph-matching\3.1.6\neo4j-graph-matching-3.1.6.jar;C:\Users\Vigneshwaren Sunder\.m2\repository\org\neo4j\neo4j-codegen\3.3.4\neo4j-codegen-3.3.4.jar;C:\Users\Vigneshwaren Sunder\.m2\repository\org\ow2\asm\asm\5.2\asm-5.2.jar;C:\Users\Vigneshwaren Sunder\.m2\repository\org\ow2\asm\asm-util\5.2\asm-util-5.2.jar;C:\Users\Vigneshwaren Sunder\.m2\repository\org\ow2\asm\asm-analysis\5.2\asm-analysis-5.2.jar;C:\Users\Vigneshwaren Sunder\.m2\repository\org\ow2\asm\asm-tree\5.2\asm-tree-5.2.jar;C:\Users\Vigneshwaren Sunder\.m2\repository\org\neo4j\neo4j-cypher-compiler-2.3\2.3.12\neo4j-cypher-compiler-2.3-2.3.12.jar;C:\Users\Vigneshwaren Sunder\.m2\repository\org\neo4j\neo4j-cypher-frontend-2.3\2.3.12\neo4j-cypher-frontend-2.3-2.3.12.jar;C:\Users\Vigneshwaren Sunder\.m2\repository\com\googlecode\concurrentlinkedhashmap\concurrentlinkedhashmap-lru\1.4.2\concurrentlinkedhashmap-lru-1.4.2.jar;C:\Users\Vigneshwaren Sunder\.m2\repository\org\neo4j\neo4j-cypher-compiler-3.1\3.1.6\neo4j-cypher-compiler-3.1-3.1.6.jar;C:\Users\Vigneshwaren Sunder\.m2\repository\org\neo4j\neo4j-cypher-frontend-3.1\3.1.6\neo4j-cypher-frontend-3.1-3.1.6.jar;C:\Users\Vigneshwaren Sunder\.m2\repository\com\github\ben-manes\caffeine\caffeine\2.3.3\caffeine-2.3.3.jar;C:\Users\Vigneshwaren Sunder\.m2\repository\org\neo4j\neo4j-cypher-compiler-3.2\3.2.9\neo4j-cypher-compiler-3.2-3.2.9.jar;C:\Users\Vigneshwaren Sunder\.m2\repository\org\neo4j\neo4j-cypher-frontend-3.2\3.2.9\neo4j-cypher-frontend-3.2-3.2.9.jar;C:\Users\Vigneshwaren Sunder\.m2\repository\org\neo4j\neo4j-cypher-ir-3.2\3.2.9\neo4j-cypher-ir-3.2-3.2.9.jar;C:\Users\Vigneshwaren Sunder\.m2\repository\org\neo4j\neo4j-cypher-compiler-3.3\3.3.4\neo4j-cypher-compiler-3.3-3.3.4.jar;C:\Users\Vigneshwaren Sunder\.m2\repository\org\neo4j\neo4j-cypher-frontend-3.3\3.3.4\neo4j-cypher-frontend-3.3-3.3.4.jar;C:\Users\Vigneshwaren Sunder\.m2\repository\org\neo4j\neo4j-cypher-ir-3.3\3.3.4\neo4j-cypher-ir-3.3-3.3.4.jar;C:\Users\Vigneshwaren Sunder\.m2\repository\org\neo4j\neo4j-cypher-logical-plans-3.3\3.3.4\neo4j-cypher-logical-plans-3.3-3.3.4.jar;C:\Users\Vigneshwaren Sunder\.m2\repository\org\parboiled\parboiled-scala_2.11\1.1.7\parboiled-scala_2.11-1.1.7.jar;C:\Users\Vigneshwaren Sunder\.m2\repository\org\parboiled\parboiled-core\1.1.7\parboiled-core-1.1.7.jar;C:\Users\Vigneshwaren Sunder\.m2\repository\net\sf\opencsv\opencsv\2.3\opencsv-2.3.jar;C:\Users\Vigneshwaren Sunder\.m2\repository\org\neo4j\neo4j-jmx\3.3.4\neo4j-jmx-3.3.4.jar;C:\Users\Vigneshwaren Sunder\.m2\repository\org\neo4j\neo4j-consistency-check\3.3.4\neo4j-consistency-check-3.3.4.jar;C:\Users\Vigneshwaren Sunder\.m2\repository\org\neo4j\neo4j-command-line\3.3.4\neo4j-command-line-3.3.4.jar;C:\Users\Vigneshwaren Sunder\.m2\repository\org\apache\commons\commons-text\1.1\commons-text-1.1.jar;C:\Users\Vigneshwaren Sunder\.m2\repository\org\neo4j\neo4j-dbms\3.3.4\neo4j-dbms-3.3.4.jar;C:\Users\Vigneshwaren Sunder\.m2\repository\org\neo4j\neo4j-import-tool\3.3.4\neo4j-import-tool-3.3.4.jar;C:\Users\Vigneshwaren Sunder\.m2\repository\org\apache\commons\commons-compress\1.12\commons-compress-1.12.jar;C:\Users\Vigneshwaren Sunder\.m2\repository\org\neo4j\neo4j-kernel\3.3.4\neo4j-kernel-3.3.4-tests.jar;C:\Users\Vigneshwaren Sunder\.m2\repository\org\neo4j\neo4j-graphdb-api\3.3.4\neo4j-graphdb-api-3.3.4.jar;C:\Users\Vigneshwaren Sunder\.m2\repository\org\neo4j\neo4j-resource\3.3.4\neo4j-resource-3.3.4.jar;C:\Users\Vigneshwaren Sunder\.m2\repository\org\neo4j\neo4j-common\3.3.4\neo4j-common-3.3.4.jar;C:\Users\Vigneshwaren Sunder\.m2\repository\org\neo4j\neo4j-values\3.3.4\neo4j-values-3.3.4.jar;C:\Users\Vigneshwaren Sunder\.m2\repository\org\neo4j\neo4j-collections\3.3.4\neo4j-collections-3.3.4.jar;C:\Users\Vigneshwaren Sunder\.m2\repository\org\neo4j\neo4j-primitive-collections\3.3.4\neo4j-primitive-collections-3.3.4.jar;C:\Users\Vigneshwaren Sunder\.m2\repository\org\neo4j\neo4j-io\3.3.4\neo4j-io-3.3.4.jar;C:\Users\Vigneshwaren Sunder\.m2\repository\org\neo4j\neo4j-csv\3.3.4\neo4j-csv-3.3.4.jar;C:\Users\Vigneshwaren Sunder\.m2\repository\org\neo4j\neo4j-logging\3.3.4\neo4j-logging-3.3.4.jar;C:\Users\Vigneshwaren Sunder\.m2\repository\org\neo4j\neo4j-lucene-upgrade\3.3.4\neo4j-lucene-upgrade-3.3.4.jar;C:\Users\Vigneshwaren Sunder\.m2\repository\org\apache\lucene\lucene-backward-codecs\5.5.0\lucene-backward-codecs-5.5.0.jar;C:\Users\Vigneshwaren Sunder\.m2\repository\org\neo4j\neo4j-configuration\3.3.4\neo4j-configuration-3.3.4.jar;C:\Users\Vigneshwaren Sunder\.m2\repository\org\neo4j\neo4j-index\3.3.4\neo4j-index-3.3.4.jar;C:\Users\Vigneshwaren Sunder\.m2\repository\org\neo4j\neo4j-ssl\3.3.4\neo4j-ssl-3.3.4.jar;C:\Users\Vigneshwaren Sunder\.m2\repository\io\netty\netty-all\4.1.21.Final\netty-all-4.1.21.Final.jar;C:\Users\Vigneshwaren Sunder\.m2\repository\org\bouncycastle\bcpkix-jdk15on\1.53\bcpkix-jdk15on-1.53.jar;C:\Users\Vigneshwaren Sunder\.m2\repository\org\neo4j\neo4j-io\3.3.4\neo4j-io-3.3.4-tests.jar;C:\Users\Vigneshwaren Sunder\.m2\repository\org\neo4j\neo4j-unsafe\3.3.4\neo4j-unsafe-3.3.4.jar;C:\Users\Vigneshwaren Sunder\.m2\repository\org\neo4j\test\neo4j-harness\3.3.4\neo4j-harness-3.3.4.jar;C:\Users\Vigneshwaren Sunder\.m2\repository\org\neo4j\app\neo4j-server\3.3.4\neo4j-server-3.3.4.jar;C:\Users\Vigneshwaren Sunder\.m2\repository\org\neo4j\neo4j-security\3.3.4\neo4j-security-3.3.4.jar;C:\Users\Vigneshwaren Sunder\.m2\repository\org\neo4j\server-api\3.3.4\server-api-3.3.4.jar;C:\Users\Vigneshwaren Sunder\.m2\repository\org\neo4j\3rdparty\javax\ws\rs\jsr311-api\1.1.2.r612\jsr311-api-1.1.2.r612.jar;C:\Users\Vigneshwaren Sunder\.m2\repository\org\neo4j\neo4j-bolt\3.3.4\neo4j-bolt-3.3.4.jar;C:\Users\Vigneshwaren Sunder\.m2\repository\org\codehaus\jackson\jackson-mapper-asl\1.9.13\jackson-mapper-asl-1.9.13.jar;C:\Users\Vigneshwaren Sunder\.m2\repository\org\neo4j\client\neo4j-browser\3.1.4\neo4j-browser-3.1.4.jar;C:\Users\Vigneshwaren Sunder\.m2\repository\org\neo4j\neo4j-shell\3.3.4\neo4j-shell-3.3.4.jar;C:\Users\Vigneshwaren Sunder\.m2\repository\jline\jline\2.12\jline-2.12.jar;C:\Users\Vigneshwaren Sunder\.m2\repository\com\sun\jersey\jersey-server\1.19\jersey-server-1.19.jar;C:\Users\Vigneshwaren Sunder\.m2\repository\com\sun\jersey\jersey-servlet\1.19\jersey-servlet-1.19.jar;C:\Users\Vigneshwaren Sunder\.m2\repository\commons-configuration\commons-configuration\1.10\commons-configuration-1.10.jar;C:\Users\Vigneshwaren Sunder\.m2\repository\org\codehaus\jackson\jackson-jaxrs\1.9.13\jackson-jaxrs-1.9.13.jar;C:\Users\Vigneshwaren Sunder\.m2\repository\org\codehaus\jackson\jackson-core-asl\1.9.13\jackson-core-asl-1.9.13.jar;C:\Users\Vigneshwaren Sunder\.m2\repository\org\mozilla\rhino\1.7R4\rhino-1.7R4.jar;C:\Users\Vigneshwaren Sunder\.m2\repository\org\bouncycastle\bcprov-jdk15on\1.53\bcprov-jdk15on-1.53.jar;C:\Users\Vigneshwaren Sunder\.m2\repository\com\sun\jersey\contribs\jersey-multipart\1.19\jersey-multipart-1.19.jar;C:\Users\Vigneshwaren Sunder\.m2\repository\org\jvnet\mimepull\mimepull\1.9.3\mimepull-1.9.3.jar;C:\Users\Vigneshwaren Sunder\.m2\repository\org\neo4j\neo4j-common\3.3.4\neo4j-common-3.3.4-tests.jar;C:\Users\Vigneshwaren Sunder\.m2\repository\com\sun\jersey\jersey-client\1.19\jersey-client-1.19.jar;C:\Users\Vigneshwaren Sunder\.m2\repository\com\sun\jersey\jersey-core\1.19\jersey-core-1.19.jar;C:\Users\Vigneshwaren Sunder\.m2\repository\org\neo4j\app\neo4j-server\3.3.4\neo4j-server-3.3.4-tests.jar;C:\Users\Vigneshwaren Sunder\.m2\repository\commons-codec\commons-codec\1.9\commons-codec-1.9.jar;C:\Users\Vigneshwaren Sunder\.m2\repository\org\apache\httpcomponents\httpclient\4.5.2\httpclient-4.5.2.jar;C:\Users\Vigneshwaren Sunder\.m2\repository\commons-logging\commons-logging\1.2\commons-logging-1.2.jar;C:\Users\Vigneshwaren Sunder\.m2\repository\org\apache\httpcomponents\httpcore\4.4.5\httpcore-4.4.5.jar;C:\Users\Vigneshwaren Sunder\.m2\repository\org\neo4j\neo4j-ogm-core\3.1.0\neo4j-ogm-core-3.1.0.jar;C:\Users\Vigneshwaren Sunder\.m2\repository\org\neo4j\neo4j-ogm-api\3.1.0\neo4j-ogm-api-3.1.0.jar;C:\Users\Vigneshwaren Sunder\.m2\repository\com\fasterxml\jackson\core\jackson-databind\2.7.1\jackson-databind-2.7.1.jar;C:\Users\Vigneshwaren Sunder\.m2\repository\com\fasterxml\jackson\core\jackson-annotations\2.7.0\jackson-annotations-2.7.0.jar;C:\Users\Vigneshwaren Sunder\.m2\repository\com\fasterxml\jackson\core\jackson-core\2.7.1\jackson-core-2.7.1.jar;C:\Users\Vigneshwaren Sunder\.m2\repository\io\github\lukehutch\fast-classpath-scanner\2.7.4\fast-classpath-scanner-2.7.4.jar;C:\Users\Vigneshwaren Sunder\.m2\repository\org\neo4j\neo4j-ogm-embedded-driver\3.0.2\neo4j-ogm-embedded-driver-3.0.2.jar;C:\Users\Vigneshwaren Sunder\.m2\repository\commons-io\commons-io\2.4\commons-io-2.4.jar;C:\Users\Vigneshwaren Sunder\.m2\repository\org\mockito\mockito-core\2.16.0\mockito-core-2.16.0.jar;C:\Users\Vigneshwaren Sunder\.m2\repository\net\bytebuddy\byte-buddy\1.7.9\byte-buddy-1.7.9.jar;C:\Users\Vigneshwaren Sunder\.m2\repository\net\bytebuddy\byte-buddy-agent\1.7.9\byte-buddy-agent-1.7.9.jar;C:\Users\Vigneshwaren Sunder\.m2\repository\org\objenesis\objenesis\2.6\objenesis-2.6.jar;C:\Users\Vigneshwaren Sunder\.m2\repository\org\apache\logging\log4j\log4j-api\2.11.0\log4j-api-2.11.0.jar;C:\Users\Vigneshwaren Sunder\.m2\repository\org\apache\logging\log4j\log4j-core\2.11.0\log4j-core-2.11.0.jar;C:\Users\Vigneshwaren Sunder\.m2\repository\org\apache\logging\log4j\log4j-slf4j-impl\2.11.0\log4j-slf4j-impl-2.11.0.jar;C:\Users\Vigneshwaren Sunder\.m2\repository\org\slf4j\slf4j-api\1.8.0-alpha2\slf4j-api-1.8.0-alpha2.jar;C:\Users\Vigneshwaren Sunder\.m2\repository\com\sparkjava\spark-core\2.7.2\spark-core-2.7.2.jar;C:\Users\Vigneshwaren Sunder\.m2\repository\org\eclipse\jetty\jetty-server\9.4.8.v20171121\jetty-server-9.4.8.v20171121.jar;C:\Users\Vigneshwaren Sunder\.m2\repository\javax\servlet\javax.servlet-api\3.1.0\javax.servlet-api-3.1.0.jar;C:\Users\Vigneshwaren Sunder\.m2\repository\org\eclipse\jetty\jetty-http\9.4.8.v20171121\jetty-http-9.4.8.v20171121.jar;C:\Users\Vigneshwaren Sunder\.m2\repository\org\eclipse\jetty\jetty-util\9.4.8.v20171121\jetty-util-9.4.8.v20171121.jar;C:\Users\Vigneshwaren Sunder\.m2\repository\org\eclipse\jetty\jetty-io\9.4.8.v20171121\jetty-io-9.4.8.v20171121.jar;C:\Users\Vigneshwaren Sunder\.m2\repository\org\eclipse\jetty\jetty-webapp\9.4.8.v20171121\jetty-webapp-9.4.8.v20171121.jar;C:\Users\Vigneshwaren Sunder\.m2\repository\org\eclipse\jetty\jetty-xml\9.4.8.v20171121\jetty-xml-9.4.8.v20171121.jar;C:\Users\Vigneshwaren Sunder\.m2\repository\org\eclipse\jetty\jetty-servlet\9.4.8.v20171121\jetty-servlet-9.4.8.v20171121.jar;C:\Users\Vigneshwaren Sunder\.m2\repository\org\eclipse\jetty\jetty-security\9.4.8.v20171121\jetty-security-9.4.8.v20171121.jar;C:\Users\Vigneshwaren Sunder\.m2\repository\org\eclipse\jetty\websocket\websocket-server\9.4.8.v20171121\websocket-server-9.4.8.v20171121.jar;C:\Users\Vigneshwaren Sunder\.m2\repository\org\eclipse\jetty\websocket\websocket-common\9.4.8.v20171121\websocket-common-9.4.8.v20171121.jar;C:\Users\Vigneshwaren Sunder\.m2\repository\org\eclipse\jetty\websocket\websocket-client\9.4.8.v20171121\websocket-client-9.4.8.v20171121.jar;C:\Users\Vigneshwaren Sunder\.m2\repository\org\eclipse\jetty\jetty-client\9.4.8.v20171121\jetty-client-9.4.8.v20171121.jar;C:\Users\Vigneshwaren Sunder\.m2\repository\org\eclipse\jetty\websocket\websocket-servlet\9.4.8.v20171121\websocket-servlet-9.4.8.v20171121.jar;C:\Users\Vigneshwaren Sunder\.m2\repository\org\eclipse\jetty\websocket\websocket-api\9.4.8.v20171121\websocket-api-9.4.8.v20171121.jar;C:\Users\Vigneshwaren Sunder\.m2\repository\com\sparkjava\spark-template-freemarker\2.7.1\spark-template-freemarker-2.7.1.jar;C:\Users\Vigneshwaren Sunder\.m2\repository\org\freemarker\freemarker\2.3.26-incubating\freemarker-2.3.26-incubating.jar;C:\Users\Vigneshwaren Sunder\.m2\repository\net\sourceforge\jwebunit\jwebunit-htmlunit-plugin\3.3\jwebunit-htmlunit-plugin-3.3.jar;C:\Users\Vigneshwaren Sunder\.m2\repository\net\sourceforge\htmlunit\htmlunit\2.18\htmlunit-2.18.jar;C:\Users\Vigneshwaren Sunder\.m2\repository\xalan\xalan\2.7.2\xalan-2.7.2.jar;C:\Users\Vigneshwaren Sunder\.m2\repository\xalan\serializer\2.7.2\serializer-2.7.2.jar;C:\Users\Vigneshwaren Sunder\.m2\repository\commons-collections\commons-collections\3.2.1\commons-collections-3.2.1.jar;C:\Users\Vigneshwaren Sunder\.m2\repository\org\apache\httpcomponents\httpmime\4.5\httpmime-4.5.jar;C:\Users\Vigneshwaren Sunder\.m2\repository\net\sourceforge\htmlunit\htmlunit-core-js\2.17\htmlunit-core-js-2.17.jar;C:\Users\Vigneshwaren Sunder\.m2\repository\xerces\xercesImpl\2.11.0\xercesImpl-2.11.0.jar;C:\Users\Vigneshwaren Sunder\.m2\repository\xml-apis\xml-apis\1.4.01\xml-apis-1.4.01.jar;C:\Users\Vigneshwaren Sunder\.m2\repository\net\sourceforge\nekohtml\nekohtml\1.9.22\nekohtml-1.9.22.jar;C:\Users\Vigneshwaren Sunder\.m2\repository\net\sourceforge\cssparser\cssparser\0.9.16\cssparser-0.9.16.jar;C:\Users\Vigneshwaren Sunder\.m2\repository\org\w3c\css\sac\1.3\sac-1.3.jar;C:\Users\Vigneshwaren Sunder\.m2\repository\net\sourceforge\jwebunit\jwebunit-core\3.3\jwebunit-core-3.3.jar;C:\Users\Vigneshwaren Sunder\.m2\repository\junit\junit\4.11\junit-4.11.jar;C:\Users\Vigneshwaren Sunder\.m2\repository\org\hamcrest\hamcrest-core\1.3\hamcrest-core-1.3.jar;C:\Users\Vigneshwaren Sunder\.m2\repository\regexp\regexp\1.3\regexp-1.3.jar;C:\Users\Vigneshwaren Sunder\.m2\repository\commons-lang\commons-lang\2.6\commons-lang-2.6.jar;C:\Users\Vigneshwaren Sunder\.m2\repository\org\slf4j\jcl-over-slf4j\1.6.6\jcl-over-slf4j-1.6.6.jar;C:\Users\Vigneshwaren Sunder\.m2\repository\javax\servlet\servlet-api\2.5\servlet-api-2.5.jar;"/>
    <property name="sun.cpu.endian" value="little"/>
    <property name="user.home" value="C:\Users\Vigneshwaren Sunder"/>
    <property name="user.language" value="en"/>
    <property name="java.specification.vendor" value="Oracle Corporation"/>
    <property name="java.home" value="C:\Program Files\Java\jdk1.8.0_181\jre"/>
    <property name="basedir" value="C:\Users\Vigneshwaren Sunder\Desktop\sem 2\Assignment 3\SV\to_submit_A3\FIT5171_2019_A3_Team40\FIT5171_2019_40"/>
    <property name="file.separator" value="\"/>
    <property name="line.separator" value="&#10;"/>
    <property name="java.vm.specification.vendor" value="Oracle Corporation"/>
    <property name="java.specification.name" value="Java Platform API Specification"/>
    <property name="java.awt.graphicsenv" value="sun.awt.Win32GraphicsEnvironment"/>
    <property name="surefire.real.class.path" value="C:\Users\VIGNES~1\AppData\Local\Temp\surefire4771926823507171893\surefirebooter4415616829680533859.jar;C:\\Users\\Vigneshwaren Sunder\\.m2\\repository\\org\\jacoco\\org.jacoco.agent\\0.8.1\\org.jacoco.agent-0.8.1-runtime.jar"/>
    <property name="sun.boot.class.path" value="C:\Program Files\Java\jdk1.8.0_181\jre\lib\resources.jar;C:\Program Files\Java\jdk1.8.0_181\jre\lib\rt.jar;C:\Program Files\Java\jdk1.8.0_181\jre\lib\sunrsasign.jar;C:\Program Files\Java\jdk1.8.0_181\jre\lib\jsse.jar;C:\Program Files\Java\jdk1.8.0_181\jre\lib\jce.jar;C:\Program Files\Java\jdk1.8.0_181\jre\lib\charsets.jar;C:\Program Files\Java\jdk1.8.0_181\jre\lib\jfr.jar;C:\Program Files\Java\jdk1.8.0_181\jre\classes"/>
    <property name="user.script" value=""/>
    <property name="sun.management.compiler" value="HotSpot 64-Bit Tiered Compilers"/>
    <property name="java.runtime.version" value="1.8.0_181-b13"/>
    <property name="user.name" value="Vigneshwaren Sunder"/>
    <property name="path.separator" value=";"/>
    <property name="os.version" value="10.0"/>
    <property name="java.endorsed.dirs" value="C:\Program Files\Java\jdk1.8.0_181\jre\lib\endorsed"/>
    <property name="java.runtime.name" value="Java(TM) SE Runtime Environment"/>
    <property name="file.encoding" value="Cp1252"/>
    <property name="java.vm.name" value="Java HotSpot(TM) 64-Bit Server VM"/>
    <property name="localRepository" value="C:\Users\Vigneshwaren Sunder\.m2\repository"/>
    <property name="java.vendor.url.bug" value="http://bugreport.sun.com/bugreport/"/>
    <property name="java.io.tmpdir" value="C:\Users\VIGNES~1\AppData\Local\Temp\"/>
    <property name="idea.version" value="2018.3.5"/>
    <property name="java.version" value="1.8.0_181"/>
    <property name="user.dir" value="C:\Users\Vigneshwaren Sunder\Desktop\sem 2\Assignment 3\SV\to_submit_A3\FIT5171_2019_A3_Team40\FIT5171_2019_40"/>
    <property name="os.arch" value="amd64"/>
    <property name="java.vm.specification.name" value="Java Virtual Machine Specification"/>
    <property name="java.awt.printerjob" value="sun.awt.windows.WPrinterJob"/>
    <property name="sun.os.patch.level" value=""/>
    <property name="java.library.path" value="C:\Program Files\Java\jdk1.8.0_181\jre\bin;C:\WINDOWS\Sun\Java\bin;C:\WINDOWS\system32;C:\WINDOWS;C:\Program Files (x86)\Common Files\Oracle\Java\javapath;C:\Program Files (x86)\Intel\iCLS Client\;C:\Program Files (x86)\NVIDIA Corporation\PhysX\Common;C:\Program Files\Intel\iCLS Client\;C:\WINDOWS\system32;C:\WINDOWS;C:\WINDOWS\System32\Wbem;C:\WINDOWS\System32\WindowsPowerShell\v1.0\;C:\Program Files\MATLAB\R2017b\bin;C:\Program Files\Microsoft SQL Server\Client SDK\ODBC\110\Tools\Binn\;C:\Program Files (x86)\Microsoft SQL Server\120\Tools\Binn\;C:\Program Files\Microsoft SQL Server\120\Tools\Binn\;C:\Program Files\Microsoft SQL Server\120\DTS\Binn\;C:\Program Files (x86)\Windows Kits\8.1\Windows Performance Toolkit\;C:\Program Files (x86)\Intel\Intel(R) Management Engine Components\DAL;C:\Program Files\Intel\Intel(R) Management Engine Components\DAL;C:\Program Files (x86)\Intel\Intel(R) Management Engine Components\IPT;C:\Program Files\Intel\Intel(R) Management Engine Components\IPT;C:\WINDOWS\System32\OpenSSH\;C:\Program Files\Intel\WiFi\bin\;C:\Program Files\Common Files\Intel\WirelessCommon\;C:\Program Files\Java\jdk1.8.0_181\bin;C:\Program Files\Java\jre1.8.0_181\bin;C:\Program Files\dotnet\;C:\Program Files\Microsoft SQL Server\130\Tools\Binn\;C:\Program Files (x86)\Brackets\command;C:\Users\Vigneshwaren Sunder\apache-maven\apache-maven-3.6.0\bin;C:\Program Files\Git\cmd;C:\Users\Vigneshwaren Sunder\AppData\Local\Microsoft\WindowsApps;C:\Users\Vigneshwaren Sunder\AppData\Local\atom\bin;C:\Users\Vigneshwaren Sunder\AppData\Local\Microsoft\WindowsApps;C:\Users\Vigneshwaren Sunder\AppData\Local\GitHubDesktop\bin;."/>
    <property name="java.vm.info" value="mixed mode"/>
    <property name="java.vendor" value="Oracle Corporation"/>
    <property name="java.vm.version" value="25.181-b13"/>
    <property name="java.ext.dirs" value="C:\Program Files\Java\jdk1.8.0_181\jre\lib\ext;C:\WINDOWS\Sun\Java\lib\ext"/>
    <property name="sun.io.unicode.encoding" value="UnicodeLittle"/>
    <property name="java.class.version" value="52.0"/>
  </properties>
  <testcase name="shouldThrowExceptionWhenSetPasswordToEmpty{String}[1]" classname="rockets.model.UserUnitTest" time="0"/>
  <testcase name="shouldThrowExceptionWhenSetPasswordToEmpty{String}[2]" classname="rockets.model.UserUnitTest" time="0"/>
  <testcase name="shouldThrowExceptionWhenSetPasswordToEmpty{String}[3]" classname="rockets.model.UserUnitTest" time="0"/>
  <testcase name="shouldReturnSuccessMsgWhenChechPasswordLengthVaild{String}[1]" classname="rockets.model.UserUnitTest" time="0"/>
  <testcase name="shouldReturnSuccessMsgWhenChechPasswordLengthVaild{String}[2]" classname="rockets.model.UserUnitTest" time="0"/>
  <testcase name="shouldReturnSuccessMsgWhenChechPasswordLengthVaild{String}[3]" classname="rockets.model.UserUnitTest" time="0"/>
  <testcase name="shouldReturnTrueWhenEmailIsValid" classname="rockets.model.UserUnitTest" time="0"/>
  <testcase name="shouldReturnFalseWhenUsersHaveDifferentEmails" classname="rockets.model.UserUnitTest" time="0"/>
  <testcase name="shouldReturnFailMsgWhenChechPasswordLengthGreatThanTen{String}[1]" classname="rockets.model.UserUnitTest" time="0"/>
  <testcase name="shouldReturnFailMsgWhenChechPasswordLengthGreatThanTen{String}[2]" classname="rockets.model.UserUnitTest" time="0"/>
  <testcase name="shouldReturnFailMsgWhenChechPasswordLengthGreatThanTen{String}[3]" classname="rockets.model.UserUnitTest" time="0"/>
  <testcase name="shouldThrowExceptionWhenSetLastNameToNull" classname="rockets.model.UserUnitTest" time="0"/>
  <testcase name="shouldThrowExceptionWhenSetPasswordToNull" classname="rockets.model.UserUnitTest" time="0"/>
  <testcase name="shouldReturnTrueWhenUsersHaveSameEmail" classname="rockets.model.UserUnitTest" time="0"/>
  <testcase name="shouldReturnFailMsgWhenChechPasswordLengthLessThanSix{String}[1]" classname="rockets.model.UserUnitTest" time="0"/>
  <testcase name="shouldReturnFailMsgWhenChechPasswordLengthLessThanSix{String}[2]" classname="rockets.model.UserUnitTest" time="0"/>
  <testcase name="shouldReturnFailMsgWhenChechPasswordLengthLessThanSix{String}[3]" classname="rockets.model.UserUnitTest" time="0"/>
  <testcase name="shouldReturnUserInformationWhenToString" classname="rockets.model.UserUnitTest" time="0"/>
  <testcase name="shouldReturnFalseWhenEmailIsInvalid" classname="rockets.model.UserUnitTest" time="0"/>
  <testcase name="shouldThrowExceptionWhenSetEmailToEmpty{String}[1]" classname="rockets.model.UserUnitTest" time="0"/>
  <testcase name="shouldThrowExceptionWhenSetEmailToEmpty{String}[2]" classname="rockets.model.UserUnitTest" time="0"/>
  <testcase name="shouldThrowExceptionWhenSetEmailToEmpty{String}[3]" classname="rockets.model.UserUnitTest" time="0"/>
  <testcase name="shouldThrowExceptionWhenSetLastNameToEmpty{String}[1]" classname="rockets.model.UserUnitTest" time="0"/>
  <testcase name="shouldThrowExceptionWhenSetLastNameToEmpty{String}[2]" classname="rockets.model.UserUnitTest" time="0"/>
  <testcase name="shouldThrowExceptionWhenSetLastNameToEmpty{String}[3]" classname="rockets.model.UserUnitTest" time="0"/>
  <testcase name="shouldThrowExceptionWhenSetEmailToNull" classname="rockets.model.UserUnitTest" time="0"/>
</testsuite>